[INFO] Scanning for projects...
[INFO] 
[INFO] ----------------------< com.supplychain:backend >-----------------------
[INFO] Building backend 0.0.1-SNAPSHOT
[INFO]   from pom.xml
[INFO] --------------------------------[ jar ]---------------------------------
[INFO] 
[INFO] --- clean:3.3.2:clean (default-clean) @ backend ---
[INFO] Deleting C:\Users\vinay\Desktop\v1\backend\target
[INFO] 
[INFO] --- resources:3.3.1:resources (default-resources) @ backend ---
[INFO] Copying 1 resource from src\main\resources to target\classes
[INFO] Copying 0 resource from src\main\resources to target\classes
[INFO] 
[INFO] --- compiler:3.11.0:compile (default-compile) @ backend ---
[INFO] Changes detected - recompiling the module! :source
[INFO] Compiling 10 source files with javac [debug release 17] to target\classes
[INFO] -------------------------------------------------------------
[ERROR] COMPILATION ERROR : 
[INFO] -------------------------------------------------------------
[ERROR] /C:/Users/vinay/Desktop/v1/backend/src/main/java/com/supplychain/controller/SupplyChainController.java:[102,38] bad operand types for binary operator '!='
  first type:  double
  second type: <nulltype>
[ERROR] /C:/Users/vinay/Desktop/v1/backend/src/main/java/com/supplychain/controller/SupplyChainController.java:[102,68] bad operand types for binary operator '!='
  first type:  double
  second type: <nulltype>
[ERROR] /C:/Users/vinay/Desktop/v1/backend/src/main/java/com/supplychain/controller/SupplyChainController.java:[177,45] bad operand types for binary operator '!='
  first type:  double
  second type: <nulltype>
[ERROR] /C:/Users/vinay/Desktop/v1/backend/src/main/java/com/supplychain/controller/SupplyChainController.java:[177,74] bad operand types for binary operator '!='
  first type:  double
  second type: <nulltype>
[ERROR] /C:/Users/vinay/Desktop/v1/backend/src/main/java/com/supplychain/controller/SupplyChainController.java:[177,102] bad operand types for binary operator '!='
  first type:  double
  second type: <nulltype>
[ERROR] /C:/Users/vinay/Desktop/v1/backend/src/main/java/com/supplychain/controller/SupplyChainController.java:[177,131] bad operand types for binary operator '!='
  first type:  double
  second type: <nulltype>
[INFO] 6 errors 
[INFO] -------------------------------------------------------------
[INFO] ------------------------------------------------------------------------
[INFO] BUILD FAILURE
[INFO] ------------------------------------------------------------------------
[INFO] Total time:  2.713 s
[INFO] Finished at: 2026-03-28T12:58:49+05:30
[INFO] ------------------------------------------------------------------------
[ERROR] Failed to execute goal org.apache.maven.plugins:maven-compiler-plugin:3.11.0:compile (default-compile) on project backend: Compilation failure: Compilation failure: 
[ERROR] /C:/Users/vinay/Desktop/v1/backend/src/main/java/com/supplychain/controller/SupplyChainController.java:[102,38] bad operand types for binary operator '!='
[ERROR]   first type:  double
[ERROR]   second type: <nulltype>
[ERROR] /C:/Users/vinay/Desktop/v1/backend/src/main/java/com/supplychain/controller/SupplyChainController.java:[102,68] bad operand types for binary operator '!='
[ERROR]   first type:  double
[ERROR]   second type: <nulltype>
[ERROR] /C:/Users/vinay/Desktop/v1/backend/src/main/java/com/supplychain/controller/SupplyChainController.java:[177,45] bad operand types for binary operator '!='
[ERROR]   first type:  double
[ERROR]   second type: <nulltype>
[ERROR] /C:/Users/vinay/Desktop/v1/backend/src/main/java/com/supplychain/controller/SupplyChainController.java:[177,74] bad operand types for binary operator '!='
[ERROR]   first type:  double
[ERROR]   second type: <nulltype>
[ERROR] /C:/Users/vinay/Desktop/v1/backend/src/main/java/com/supplychain/controller/SupplyChainController.java:[177,102] bad operand types for binary operator '!='
[ERROR]   first type:  double
[ERROR]   second type: <nulltype>
[ERROR] /C:/Users/vinay/Desktop/v1/backend/src/main/java/com/supplychain/controller/SupplyChainController.java:[177,131] bad operand types for binary operator '!='
[ERROR]   first type:  double
[ERROR]   second type: <nulltype>
[ERROR] -> [Help 1]
[ERROR] 
[ERROR] To see the full stack trace of the errors, re-run Maven with the -e switch.
[ERROR] Re-run Maven using the -X switch to enable full debug logging.
[ERROR] 
[ERROR] For more information about the errors and possible solutions, please read the following articles:
[ERROR] [Help 1] http://cwiki.apache.org/confluence/display/MAVEN/MojoFailureException
